{
  "RSpec": {
    "coverage": {
      "/home/fortuitous-bookmark-4215/tic-tac-toe-rb-ruby-apply-000/lib/tic_tac_toe.rb": [
        1,
        1,
        55,
        null,
        null,
        null,
        null,
        1,
        null,
        null,
        null,
        null,
        null,
        null,
        null,
        null,
        null,
        null,
        1,
        29,
        165,
        null,
        null,
        null,
        null,
        null,
        1,
        117,
        null,
        null,
        1,
        10,
        null,
        null,
        1,
        11,
        null,
        null,
        1,
        8,
        5,
        null,
        null,
        null,
        1,
        5,
        5,
        5,
        5,
        5,
        null,
        null,
        1,
        13,
        13,
        13,
        null,
        null,
        1,
        3,
        null,
        null,
        1,
        13,
        1,
        null,
        12,
        10,
        null,
        2,
        2,
        null,
        null,
        null,
        null,
        1,
        10,
        10,
        10,
        10,
        9,
        0,
        null,
        1,
        null,
        null,
        null,
        null,
        1,
        12,
        12,
        7,
        0,
        null,
        5,
        5,
        5,
        5,
        null,
        null,
        null,
        null,
        null,
        1,
        2,
        2,
        18,
        5,
        null,
        null,
        null,
        2,
        null,
        null,
        1,
        1,
        1,
        0,
        0,
        null,
        1,
        null,
        null,
        null,
        null
      ]
    },
    "timestamp": 1595361359
  }
}
