{
  "RSpec": {
    "coverage": {
      "/home/fortuitous-bookmark-4215/tic-tac-toe-rb-ruby-apply-000/lib/tic_tac_toe.rb": [
        1,
        1,
        8809,
        null,
        null,
        null,
        null,
        1,
        null,
        null,
        null,
        null,
        null,
        null,
        null,
        null,
        null,
        null,
        1,
        41,
        299,
        null,
        null,
        null,
        null,
        null,
        1,
        172,
        null,
        null,
        1,
        12,
        null,
        null,
        1,
        23,
        null,
        null,
        1,
        9,
        2,
        null,
        null,
        null,
        1,
        26,
        26,
        26,
        26,
        26,
        null,
        null,
        1,
        8719,
        8719,
        8719,
        null,
        null,
        1,
        24,
        null,
        null,
        1,
        8719,
        null,
        8695,
        null,
        24,
        22,
        null,
        2,
        2,
        null,
        null,
        null,
        null,
        1,
        8720,
        8719,
        8716,
        8716,
        21,
        21,
        21,
        null,
        8695,
        null,
        null,
        null,
        null,
        1,
        null,
        12,
        24,
        null,
        7,
        7,
        7,
        7,
        null,
        null,
        null,
        null,
        null,
        1,
        30,
        30,
        270,
        47,
        null,
        null,
        null,
        30,
        null,
        null,
        1,
        22,
        15,
        7,
        7,
        null,
        22,
        null,
        null,
        null,
        null
      ]
    },
    "timestamp": 1595362259
  }
}
